runTest (test_ADTree.TestCompactFactor) ... ok
runTest (test_ADTree.TestIncrementalCompactFactor) ... ok
runTest (test_ADTree.TestIncrementalUpdate) ... ok
runTest (test_ADTree.TestADBDeu) ... ok
runTest (test_ADTree.TestIncrementalADTree) ... ok

----------------------------------------------------------------------
Ran 5 tests in 1802.374s

OK
runTest (test_CBN.TestNoParents) ... ok
runTest (test_CBN.TestGibbsEstimation) ... ok
runTest (test_CBN.TestGibbsInterventionEstimation) ... ok

----------------------------------------------------------------------
Ran 3 tests in 83.288s

OK
runTest (test_CausalWorld.TestObserveCausalWorld) ... ok
runTest (test_CausalWorld.TestQueryCausalWorld) ... ok

----------------------------------------------------------------------
Ran 2 tests in 3.104s

OK
runTest (test_Chi2Separator.TestX2R) ... ok
runTest (test_Chi2Separator.TestX2MissingR) ... ok
runTest (test_Chi2Separator.TestNoData) ... ok
runTest (test_Chi2Separator.TestG2TetradXor) ... ok
runTest (test_Chi2Separator.TestG2TetradAsia) ... ok

----------------------------------------------------------------------
Ran 5 tests in 0.250s

OK
runTest (test_Density.TestDensity) ... ok

----------------------------------------------------------------------
Ran 1 test in 2.994s

OK
runTest (test_Factor.TestLog) ... ok
runTest (test_Factor.TestAdd) ... ok
runTest (test_Factor.TestSub) ... ok
runTest (test_Factor.TestMul) ... ok
runTest (test_Factor.TestExtend) ... ok
runTest (test_Factor.TestExtendIdent) ... ok

----------------------------------------------------------------------
Ran 6 tests in 151.966s

OK
runTest (test_Fun.TestBinom) ... ok
runTest (test_Fun.TestLogSumExp) ... ok
runTest (test_Fun.TestChiSqProb) ... ok
runTest (test_Fun.TestSubsets) ... ok
runTest (test_Fun.TestSubsetn) ... ok
runTest (test_Fun.TestPowerset) ... ok
runTest (test_Fun.TestPowersetn) ... ok
runTest (test_Fun.TestIsNan) ... ok
runTest (test_Fun.TestIsFinite) ... ok
runTest (test_Fun.TestTimeout) ... ok
runTest (test_Fun.TestTiming) ... ok

----------------------------------------------------------------------
Ran 11 tests in 96.800s

OK
runTest (test_GraphCI.TestCI) ... ok
runTest (test_GraphCI.TestRandUGraphCI) ... ok
runTest (test_GraphCI.TestRandEssentialGraph) ... ok
runTest (test_GraphCI.TestGraphCI) ... ok

----------------------------------------------------------------------
Ran 4 tests in 123.863s

OK
runTest (test_ICPattern.TestICPattern) ... ok
runTest (test_ICPattern.TestICPatternUndirMoral) ... ok
runTest (test_ICPattern.TestICPatternOrder) ... ok
runTest (test_ICPattern.TestPCCIGraph) ... ok
runTest (test_ICPattern.TestPCCIGraphOrder) ... ok

----------------------------------------------------------------------
Ran 5 tests in 157.120s

OK
testdnet (test_IO.TestIO) ... ok

----------------------------------------------------------------------
Ran 1 test in 0.014s

OK
runTest (test_InterventionalIC.TestInter) ... ok
runTest (test_InterventionalIC.TestObs) ... ok
runTest (test_InterventionalIC.TestInterA) ... ok
runTest (test_InterventionalIC.TestInterB) ... ok
runTest (test_InterventionalIC.TestInterAB) ... ok
runTest (test_InterventionalIC.TestIICGraph) ... ok
runTest (test_InterventionalIC.TestIICGraph) ... ok

----------------------------------------------------------------------
Ran 7 tests in 262.027s

OK
runTest (test_Metrics.TestBDeu) ... ok
runTest (test_Metrics.TestSHD) ... ok
runTest (test_Metrics.TestDKLScale) ... ok
runTest (test_Metrics.TestDKL) ... ok

----------------------------------------------------------------------
Ran 4 tests in 730.466s

OK
test_HMcopydomain (test_Models.TestModels) ... ok
test_HMve (test_Models.TestModels) ... ok
test_HMve_clever (test_Models.TestModels) ... ok
test_HMve_cond (test_Models.TestModels) ... ok
test_HMve_cond_clever (test_Models.TestModels) ... ok
test_ipf (test_Models.TestModels) ... ok
test_ipf2 (test_Models.TestModels) ... ok
test_jfm (test_Models.TestModels) ... ok
test_jfm_cond (test_Models.TestModels) ... ok
test_jfm_pre (test_Models.TestModels) ... ok
test_jfm_pre2 (test_Models.TestModels) ... ok

----------------------------------------------------------------------
Ran 11 tests in 1.788s

OK
test_bigdata (test_Parameters.TestParameters) ... ok
test_bigdata_sql (test_Parameters.TestParameters) ... ERROR
test_cptcheck (test_Parameters.TestParameters) ... ok
test_factorprodcommute (test_Parameters.TestParameters) ... ok
test_getitem (test_Parameters.TestParameters) ... ok
test_instbyname (test_Parameters.TestParameters) ... ok
test_marginals (test_Parameters.TestParameters) ... ok
test_multinplace (test_Parameters.TestParameters) ... ok
test_restrict (test_Parameters.TestParameters) ... ok
test_scalarprod (test_Parameters.TestParameters) ... ok
test_smalldata (test_Parameters.TestParameters) ... ok
test_smalldata_sql (test_Parameters.TestParameters) ... ok
test_str (test_Parameters.TestParameters) ... ok
test_z (test_Parameters.TestParameters) ... ok

======================================================================
ERROR: test_bigdata_sql (test_Parameters.TestParameters)
----------------------------------------------------------------------
Traceback (most recent call last):
  File "/home/jc/godot/research/gPy/test/test_Parameters.py", line 186, in test_bigdata_sql
    factor = alarm[varset]
TypeError: 'SqliteFactor' object is unsubscriptable

----------------------------------------------------------------------
Ran 14 tests in 0.805s

FAILED (errors=1)
test_cliques (test_Structures.TestStructures) ... ok
test_cp (test_Structures.TestStructures) ... ok
test_cycle (test_Structures.TestStructures) ... ok
test_graham (test_Structures.TestStructures) ... ok
test_graph (test_Structures.TestStructures) ... ok
test_in (test_Structures.TestStructures) ... ok
test_is_triangulated (test_Structures.TestStructures) ... ok
test_isdecomp (test_Structures.TestStructures) ... ok
test_isred (test_Structures.TestStructures) ... ok
test_jf (test_Structures.TestStructures) ... ok
test_makejf (test_Structures.TestStructures) ... ok
test_maxcard (test_Structures.TestStructures) ... ok
test_maxcard2 (test_Structures.TestStructures) ... ok
test_maxcardh (test_Structures.TestStructures) ... ok
test_paths (test_Structures.TestStructures) ... ok
test_red (test_Structures.TestStructures) ... ok
test_repr (test_Structures.TestStructures) ... ok
test_rhs (test_Structures.TestStructures) ... ok
test_triangulate (test_Structures.TestStructures) ... ok
test_triangulate2 (test_Structures.TestStructures) ... ok
test_triangulate3 (test_Structures.TestStructures) ... ok

----------------------------------------------------------------------
Ran 21 tests in 0.200s

OK
test_lect04_cancer (test_demos.Testdemos) ... ok
test_lect05_marginalise (test_demos.Testdemos) ... ok
test_lect05_marginalise2 (test_demos.Testdemos) ... ok
test_lect06_cond (test_demos.Testdemos) ... ok
test_lect06_igs (test_demos.Testdemos) ... ok
test_lect06_norming (test_demos.Testdemos) ... ok
test_lect06_prod_gen (test_demos.Testdemos) ... ok
test_lect06_redund (test_demos.Testdemos) ... ok

----------------------------------------------------------------------
Ran 8 tests in 3.338s

OK
test_bde (test_gPyC.TestgPyC) ... ok
test_bde2 (test_gPyC.TestgPyC) ... ERROR
test_bde3 (test_gPyC.TestgPyC) ... ERROR
test_call_llh (test_gPyC.TestgPyC) ... ok

======================================================================
ERROR: test_bde2 (test_gPyC.TestgPyC)
----------------------------------------------------------------------
Traceback (most recent call last):
  File "/home/jc/godot/research/gPy/test/test_gPyC.py", line 70, in test_bde2
    myskl = SqliteFactor.init_rawdata(read_csv(open('myksl.dat')),table='test_bde2')
  File "/home/cb/work/prj/gPy/build/lib.linux-i686-2.5/gPy/Parameters.py", line 146, in init_rawdata
    sqlfact.populate(records)
  File "/home/cb/work/prj/gPy/build/lib.linux-i686-2.5/gPy/Parameters.py", line 665, in populate
    (','.join([str(x) for x in record[:-1]]),record[-1]) for record in records))
OperationalError: no such table: test_bde2

======================================================================
ERROR: test_bde3 (test_gPyC.TestgPyC)
----------------------------------------------------------------------
Traceback (most recent call last):
  File "/home/jc/godot/research/gPy/test/test_gPyC.py", line 101, in test_bde3
    myskl = SqliteFactor.init_rawdata(read_csv(open('myksl.dat')),table='test_bde3')
  File "/home/cb/work/prj/gPy/build/lib.linux-i686-2.5/gPy/Parameters.py", line 146, in init_rawdata
    sqlfact.populate(records)
  File "/home/cb/work/prj/gPy/build/lib.linux-i686-2.5/gPy/Parameters.py", line 665, in populate
    (','.join([str(x) for x in record[:-1]]),record[-1]) for record in records))
OperationalError: no such table: test_bde3

----------------------------------------------------------------------
Ran 4 tests in 0.024s

FAILED (errors=2)
learning from 100000 samples: BDeu score: (-152150.89710737934, [-69320.471332404763, -18644.680429840464, -64185.745345134113])
learning from 100000 samples: BDeu score: (-66526.873695580871, [0.0, -5587.7471617623232, -60939.126533818548])
     x2 depend: p = 0.0 x2 = 109.154744252 d = 1
   x2 independ: p = 0.72520959252 x2 = 0.123555698981 d = 1
!!   g2 depend: p = 0.0 g2 = 109.389800878 d = 1
!! g2 independ: p = 0.725213854926 g2 = 0.123551704118 d = 1
     x2 depend: p = 0.0 x2 = 3453.4286748 d = 4
!! x2 independ: p = 0.58247332853 x2 = 1.08094376504 d = 2
!!   g2 depend: p = 0.0 g2 = 4224.3017675 d = 4
!! g2 independ: p = 0.582988392395 g2 = 1.07917600592 d = 2
{('X1', 'X2'): set([frozenset([])])}
X2 X3
X3 X1
X2 X3
X3 X1
